Watching for file changes with StatReloader
Unauthorized: /api/admin/departments
[03/Mar/2026 06:33:19] "GET /api/admin/departments HTTP/1.1" 401 58
Unauthorized: /api/auth/login
[03/Mar/2026 06:33:47] "POST /api/auth/login HTTP/1.1" 401 39
[03/Mar/2026 06:33:47] "POST /api/auth/register HTTP/1.1" 201 196
Not Found: /
[03/Mar/2026 06:35:26] "GET / HTTP/1.1" 404 2511
Not Found: /favicon.ico
[03/Mar/2026 06:35:26] "GET /favicon.ico HTTP/1.1" 404 2562
[03/Mar/2026 06:35:41] "GET /admin/ HTTP/1.1" 302 0
[03/Mar/2026 06:35:41] "GET /admin/login/?next=/admin/ HTTP/1.1" 200 4178
[03/Mar/2026 06:35:41] "GET /static/admin/css/nav_sidebar.css HTTP/1.1" 200 2694
[03/Mar/2026 06:35:41] "GET /static/admin/css/login.css HTTP/1.1" 200 958
[03/Mar/2026 06:35:41] "GET /static/admin/js/theme.js HTTP/1.1" 200 1943
[03/Mar/2026 06:35:41] "GET /static/admin/css/dark_mode.css HTTP/1.1" 200 2929
[03/Mar/2026 06:35:41] "GET /static/admin/css/base.css HTTP/1.1" 200 21207
[03/Mar/2026 06:35:41] "GET /static/admin/css/responsive.css HTTP/1.1" 200 18557
[03/Mar/2026 06:35:41] "GET /static/admin/js/nav_sidebar.js HTTP/1.1" 200 3063
Unauthorized: /api/auth/login
[03/Mar/2026 06:44:18] "POST /api/auth/login HTTP/1.1" 401 39
[03/Mar/2026 06:45:48] "POST /admin/login/?next=/admin/ HTTP/1.1" 200 4349
[03/Mar/2026 06:45:48] "GET /static/admin/css/base.css HTTP/1.1" 304 0
[03/Mar/2026 06:45:48] "GET /static/admin/css/dark_mode.css HTTP/1.1" 304 0
[03/Mar/2026 06:45:48] "GET /static/admin/css/nav_sidebar.css HTTP/1.1" 304 0
[03/Mar/2026 06:45:48] "GET /static/admin/css/login.css HTTP/1.1" 304 0
[03/Mar/2026 06:45:48] "GET /static/admin/css/responsive.css HTTP/1.1" 304 0
[03/Mar/2026 06:45:48] "GET /static/admin/js/theme.js HTTP/1.1" 304 0
[03/Mar/2026 06:45:48] "GET /static/admin/js/nav_sidebar.js HTTP/1.1" 304 0
[03/Mar/2026 06:46:23] "POST /admin/login/?next=/admin/ HTTP/1.1" 200 4349
Unauthorized: /api/patient/departments
[03/Mar/2026 06:49:02] "GET /api/patient/departments HTTP/1.1" 401 58
Unauthorized: /api/patient/departments
[03/Mar/2026 06:49:04] "GET /api/patient/departments HTTP/1.1" 401 58
Unauthorized: /api/patient/departments
[03/Mar/2026 06:49:05] "GET /api/patient/departments HTTP/1.1" 401 58
Unauthorized: /api/patient/departments
[03/Mar/2026 06:49:05] "GET /api/patient/departments HTTP/1.1" 401 58
Unauthorized: /api/patient/departments
[03/Mar/2026 06:49:06] "GET /api/patient/departments HTTP/1.1" 401 58
Unauthorized: /api/auth/login
[03/Mar/2026 07:13:03] "POST /api/auth/login HTTP/1.1" 401 39
Unauthorized: /api/patient/departments
[03/Mar/2026 07:13:08] "GET /api/patient/departments HTTP/1.1" 401 58
Unauthorized: /api/patient/departments
[03/Mar/2026 07:13:09] "GET /api/patient/departments HTTP/1.1" 401 58
Unauthorized: /api/patient/departments
[03/Mar/2026 07:13:10] "GET /api/patient/departments HTTP/1.1" 401 58
Unauthorized: /api/patient/departments
[03/Mar/2026 07:15:16] "GET /api/patient/departments HTTP/1.1" 401 58
Unauthorized: /api/patient/departments
[03/Mar/2026 07:15:19] "GET /api/patient/departments HTTP/1.1" 401 58
Unauthorized: /api/patient/departments
[03/Mar/2026 07:15:22] "GET /api/patient/departments HTTP/1.1" 401 58
Unauthorized: /api/patient/departments
[03/Mar/2026 07:15:22] "GET /api/patient/departments HTTP/1.1" 401 58
Unauthorized: /api/patient/departments
[03/Mar/2026 07:15:23] "GET /api/patient/departments HTTP/1.1" 401 58
Unauthorized: /api/patient/departments
[03/Mar/2026 07:15:23] "GET /api/patient/departments HTTP/1.1" 401 58
Unauthorized: /api/patient/departments
[03/Mar/2026 07:15:28] "GET /api/patient/departments HTTP/1.1" 401 58
Unauthorized: /api/patient/departments
[03/Mar/2026 07:15:29] "GET /api/patient/departments HTTP/1.1" 401 58
Unauthorized: /api/auth/login
[03/Mar/2026 07:15:43] "POST /api/auth/login HTTP/1.1" 401 39
/Users/lokeshthatipamula/HospitalManagement/backend/hospital_backend/settings.py changed, reloading.
✅ Appointment reminder scheduler started
Performing system checks...

System check identified no issues (0 silenced).
March 03, 2026 - 06:32:21
Django version 4.2, using settings 'hospital_backend.settings'
Starting development server at http://127.0.0.1:5000/
Quit the server with CONTROL-C.

Watching for file changes with StatReloader
Unauthorized: /api/patient/departments
[03/Mar/2026 07:20:24] "GET /api/patient/departments HTTP/1.1" 401 58
Unauthorized: /api/patient/departments
[03/Mar/2026 07:20:26] "GET /api/patient/departments HTTP/1.1" 401 58
Unauthorized: /api/patient/departments
[03/Mar/2026 07:20:27] "GET /api/patient/departments HTTP/1.1" 401 58
Unauthorized: /api/patient/departments
[03/Mar/2026 07:20:33] "GET /api/patient/departments HTTP/1.1" 401 58
Unauthorized: /api/patient/departments
[03/Mar/2026 07:20:33] "GET /api/patient/departments HTTP/1.1" 401 58
Unauthorized: /api/auth/login
[03/Mar/2026 07:20:48] "POST /api/auth/login HTTP/1.1" 401 39
Unauthorized: /api/patient/departments
[03/Mar/2026 07:21:18] "GET /api/patient/departments HTTP/1.1" 401 58
Unauthorized: /api/patient/departments
[03/Mar/2026 07:21:18] "GET /api/patient/departments HTTP/1.1" 401 58
Unauthorized: /api/patient/departments
[03/Mar/2026 07:21:27] "GET /api/patient/departments HTTP/1.1" 401 58
Unauthorized: /api/patient/departments
[03/Mar/2026 07:21:27] "GET /api/patient/departments HTTP/1.1" 401 58
Unauthorized: /api/patient/departments
[03/Mar/2026 07:21:32] "GET /api/patient/departments HTTP/1.1" 401 58
Unauthorized: /api/patient/departments
[03/Mar/2026 07:21:32] "GET /api/patient/departments HTTP/1.1" 401 58
Unauthorized: /api/patient/departments
[03/Mar/2026 07:21:33] "GET /api/patient/departments HTTP/1.1" 401 58
Unauthorized: /api/patient/departments
[03/Mar/2026 07:21:33] "GET /api/patient/departments HTTP/1.1" 401 58
Unauthorized: /api/auth/login
[03/Mar/2026 07:21:49] "POST /api/auth/login HTTP/1.1" 401 39
✅ Appointment reminder scheduler started
